Building DAG of jobs...
Using shell: /usr/bin/bash
Provided cores: 1 (use --cores to define parallelism)
Rules claiming more threads will be scaled down.
Job stats:
job         count
--------  -------
all             1
blast           1
combine         1
fetch           1
meme_raw        1
total           5

Select jobs to execute...

[Fri Apr 24 13:23:02 2026]
rule fetch:
    input: config/input.txt
    output: data/raw/sequences.fasta, data/raw/motifs.txt
    jobid: 2
    reason: Missing output files: data/raw/motifs.txt, data/raw/sequences.fasta
    resources: tmpdir=/tmp

[Fri Apr 24 13:23:04 2026]
Finished job 2.
1 of 5 steps (20%) done
Select jobs to execute...

[Fri Apr 24 13:23:04 2026]
rule blast:
    input: data/raw/sequences.fasta, data/raw/motifs.txt
    output: results/blast/msa.tsv
    jobid: 1
    reason: Missing output files: results/blast/msa.tsv; Input files updated by another job: data/raw/motifs.txt, data/raw/sequences.fasta
    resources: tmpdir=/tmp

[Fri Apr 24 13:23:05 2026]
Finished job 1.
2 of 5 steps (40%) done
Select jobs to execute...

[Fri Apr 24 13:23:05 2026]
rule meme_raw:
    input: data/raw/sequences.fasta, data/raw/motifs.txt, results/blast/msa.tsv
    output: results/meme/meme_clean.tsv
    jobid: 3
    reason: Missing output files: results/meme/meme_clean.tsv; Input files updated by another job: data/raw/motifs.txt, results/blast/msa.tsv, data/raw/sequences.fasta
    resources: tmpdir=/tmp

[Fri Apr 24 13:23:07 2026]
Finished job 3.
3 of 5 steps (60%) done
Select jobs to execute...

[Fri Apr 24 13:23:07 2026]
rule combine:
    input: results/blast/msa.tsv, results/meme/meme_clean.tsv
    output: results/final/simple_unique_hits.tsv, results/final/ranked_results.tsv
    jobid: 4
    reason: Missing output files: results/final/ranked_results.tsv, results/final/simple_unique_hits.tsv; Input files updated by another job: results/blast/msa.tsv, results/meme/meme_clean.tsv
    resources: tmpdir=/tmp

[Fri Apr 24 13:23:07 2026]
Error in rule combine:
    jobid: 4
    input: results/blast/msa.tsv, results/meme/meme_clean.tsv
    output: results/final/simple_unique_hits.tsv, results/final/ranked_results.tsv
    shell:
        python scripts/combine_results.py results/blast/msa.tsv results/meme/meme_clean.tsv results/final
        (one of the commands exited with non-zero exit code; note that snakemake uses bash strict mode!)

Shutting down, this might take some time.
Exiting because a job execution failed. Look above for error message
Complete log: .snakemake/log/2026-04-24T132301.639497.snakemake.log
