Building DAG of jobs...
Using shell: /usr/bin/bash
Provided cores: 1 (use --cores to define parallelism)
Rules claiming more threads will be scaled down.
Job stats:
job         count
--------  -------
all             1
blast           1
combine         1
fetch           1
meme_raw        1
total           5

Select jobs to execute...

[Thu Apr 30 12:56:37 2026]
rule fetch:
    input: config/input.txt
    output: data/raw/sequences.fasta, data/raw/motifs.txt
    jobid: 2
    reason: Missing output files: data/raw/motifs.txt, data/raw/sequences.fasta
    resources: tmpdir=/tmp

[Thu Apr 30 12:56:40 2026]
Finished job 2.
1 of 5 steps (20%) done
Select jobs to execute...

[Thu Apr 30 12:56:40 2026]
rule blast:
    input: data/raw/sequences.fasta, data/raw/motifs.txt
    output: results/blast/msa.tsv
    jobid: 1
    reason: Missing output files: results/blast/msa.tsv; Input files updated by another job: data/raw/motifs.txt, data/raw/sequences.fasta
    resources: tmpdir=/tmp

[Thu Apr 30 12:56:40 2026]
Finished job 1.
2 of 5 steps (40%) done
Select jobs to execute...

[Thu Apr 30 12:56:40 2026]
rule meme_raw:
    input: data/raw/sequences.fasta, data/raw/motifs.txt, results/blast/msa.tsv
    output: results/meme/meme_clean.tsv
    jobid: 3
    reason: Missing output files: results/meme/meme_clean.tsv; Input files updated by another job: data/raw/motifs.txt, results/blast/msa.tsv, data/raw/sequences.fasta
    resources: tmpdir=/tmp

[Thu Apr 30 12:56:41 2026]
Finished job 3.
3 of 5 steps (60%) done
Select jobs to execute...

[Thu Apr 30 12:56:41 2026]
rule combine:
    input: results/blast/msa.tsv, results/meme/meme_clean.tsv
    output: results/final/simple_unique_hits.tsv, results/final/ranked_results.tsv
    jobid: 4
    reason: Missing output files: results/final/simple_unique_hits.tsv, results/final/ranked_results.tsv; Input files updated by another job: results/meme/meme_clean.tsv, results/blast/msa.tsv
    resources: tmpdir=/tmp

[Thu Apr 30 12:56:42 2026]
Finished job 4.
4 of 5 steps (80%) done
Select jobs to execute...

[Thu Apr 30 12:56:42 2026]
localrule all:
    input: results/blast/msa.tsv, results/meme/meme_clean.tsv, results/final/simple_unique_hits.tsv, results/final/ranked_results.tsv
    jobid: 0
    reason: Input files updated by another job: results/final/simple_unique_hits.tsv, results/meme/meme_clean.tsv, results/final/ranked_results.tsv, results/blast/msa.tsv
    resources: tmpdir=/tmp

[Thu Apr 30 12:56:42 2026]
Finished job 0.
5 of 5 steps (100%) done
Complete log: .snakemake/log/2026-04-30T125637.044221.snakemake.log
