Building DAG of jobs...
Using shell: /usr/bin/bash
Provided cores: 3
Rules claiming more threads will be scaled down.
Job stats:
job         count
--------  -------
all             1
blast           1
combine         1
fetch           1
meme_raw        1
total           5

Select jobs to execute...

[Mon Apr 27 13:12:59 2026]
rule fetch:
    input: config/input.txt
    output: data/raw/sequences.fasta, data/raw/motifs.txt
    jobid: 2
    reason: Missing output files: data/raw/sequences.fasta, data/raw/motifs.txt
    resources: tmpdir=/tmp

[Mon Apr 27 13:13:01 2026]
Finished job 2.
1 of 5 steps (20%) done
Select jobs to execute...

[Mon Apr 27 13:13:01 2026]
rule blast:
    input: data/raw/sequences.fasta, data/raw/motifs.txt
    output: results/blast/msa.tsv
    jobid: 1
    reason: Missing output files: results/blast/msa.tsv; Input files updated by another job: data/raw/sequences.fasta, data/raw/motifs.txt
    resources: tmpdir=/tmp

[Mon Apr 27 13:13:02 2026]
Finished job 1.
2 of 5 steps (40%) done
Select jobs to execute...

[Mon Apr 27 13:13:02 2026]
rule meme_raw:
    input: data/raw/sequences.fasta, data/raw/motifs.txt, results/blast/msa.tsv
    output: results/meme/meme_clean.tsv
    jobid: 3
    reason: Missing output files: results/meme/meme_clean.tsv; Input files updated by another job: results/blast/msa.tsv, data/raw/sequences.fasta, data/raw/motifs.txt
    resources: tmpdir=/tmp

[Mon Apr 27 13:13:03 2026]
Error in rule meme_raw:
    jobid: 3
    input: data/raw/sequences.fasta, data/raw/motifs.txt, results/blast/msa.tsv
    output: results/meme/meme_clean.tsv
    shell:
        python scripts/run_full_meme.py data/raw/sequences.fasta data/raw/motifs.txt results/blast/msa.tsv results/meme/meme_clean.tsv
        (one of the commands exited with non-zero exit code; note that snakemake uses bash strict mode!)

Shutting down, this might take some time.
Exiting because a job execution failed. Look above for error message
Complete log: .snakemake/log/2026-04-27T131258.431124.snakemake.log
